<component name="ArtifactManager">
  <artifact type="jar" name="junit5-assertions-example:jar">
    <output-path>$PROJECT_DIR$/out/artifacts/junit5_assertions_example_jar</output-path>
    <root id="archive" name="junit5-assertions-example.jar">
      <element id="directory" name="META-INF">
        <element id="file-copy" path="$PROJECT_DIR$/META-INF/MANIFEST.MF" />
      </element>
      <element id="module-output" name="junit5-assertions-example" />
      <element id="extracted-dir" path="$MAVEN_REPOSITORY$/com/github/javaparser/javaparser-core-serialization/3.25.10/javaparser-core-serialization-3.25.10.jar" path-in-jar="/" />
      <element id="extracted-dir" path="$MAVEN_REPOSITORY$/com/google/guava/failureaccess/1.0.2/failureaccess-1.0.2.jar" path-in-jar="/" />
      <element id="extracted-dir" path="$MAVEN_REPOSITORY$/com/google/guava/listenablefuture/9999.0-empty-to-avoid-conflict-with-guava/listenablefuture-9999.0-empty-to-avoid-conflict-with-guava.jar" path-in-jar="/" />
      <element id="extracted-dir" path="$MAVEN_REPOSITORY$/org/checkerframework/checker-qual/3.42.0/checker-qual-3.42.0.jar" path-in-jar="/" />
      <element id="extracted-dir" path="$MAVEN_REPOSITORY$/jakarta/json/jakarta.json-api/2.1.3/jakarta.json-api-2.1.3.jar" path-in-jar="/" />
      <element id="extracted-dir" path="$MAVEN_REPOSITORY$/com/google/j2objc/j2objc-annotations/3.0.0/j2objc-annotations-3.0.0.jar" path-in-jar="/" />
      <element id="extracted-dir" path="$MAVEN_REPOSITORY$/com/github/javaparser/javaparser-core/3.25.10/javaparser-core-3.25.10.jar" path-in-jar="/" />
      <element id="extracted-dir" path="$MAVEN_REPOSITORY$/com/google/guava/guava/33.1.0-jre/guava-33.1.0-jre.jar" path-in-jar="/" />
      <element id="extracted-dir" path="$MAVEN_REPOSITORY$/org/javassist/javassist/3.30.2-GA/javassist-3.30.2-GA.jar" path-in-jar="/" />
      <element id="extracted-dir" path="$MAVEN_REPOSITORY$/com/google/code/findbugs/jsr305/3.0.2/jsr305-3.0.2.jar" path-in-jar="/" />
      <element id="extracted-dir" path="$MAVEN_REPOSITORY$/com/github/javaparser/javaparser-symbol-solver-core/3.25.10/javaparser-symbol-solver-core-3.25.10.jar" path-in-jar="/" />
      <element id="extracted-dir" path="$MAVEN_REPOSITORY$/com/google/errorprone/error_prone_annotations/2.26.1/error_prone_annotations-2.26.1.jar" path-in-jar="/" />
    </root>
  </artifact>
</component>